This is pdfTeX, Version 3.14159265-2.6-1.40.20 (TeX Live 2019/Arch Linux) (preloaded format=pdflatex 2020.5.21)  19 JUN 2020 09:31
entering extended mode
 restricted \write18 enabled.
 file:line:error style messages enabled.
 %&-line parsing enabled.
**/home/blanca/repositorios/Inteligencia-Artificial-teoria/teoria.tex
(/home/blanca/repositorios/Inteligencia-Artificial-teoria/teoria.tex
LaTeX2e <2019-10-01> patch level 1
(/usr/share/texmf-dist/tex/latex/base/article.cls
Document Class: article 2019/08/27 v1.4j Standard LaTeX document class
(/usr/share/texmf-dist/tex/latex/base/size12.clo
File: size12.clo 2019/08/27 v1.4j Standard LaTeX file (size option)
)
\c@part=\count80
\c@section=\count81
\c@subsection=\count82
\c@subsubsection=\count83
\c@paragraph=\count84
\c@subparagraph=\count85
\c@figure=\count86
\c@table=\count87
\abovecaptionskip=\skip41
\belowcaptionskip=\skip42
\bibindent=\dimen102
) (/usr/share/texmf-dist/tex/latex/base/inputenc.sty
Package: inputenc 2018/08/11 v1.3c Input encoding file
\inpenc@prehook=\toks14
\inpenc@posthook=\toks15
) (/usr/share/texmf-dist/tex/generic/babel/babel.sty
Package: babel 2019/10/15 3.35 The Babel package
 (/usr/share/texmf-dist/tex/generic/babel/switch.def
File: switch.def 2019/10/15 3.35 Babel switching mechanism
) (/usr/share/texmf-dist/tex/generic/babel-spanish/spanish.ldf
Language: spanish.ldf 2016/03/03 v5.0p Spanish support from the babel system
 (/usr/share/texmf-dist/tex/generic/babel/babel.def
File: babel.def 2019/10/15 3.35 Babel common definitions
\babel@savecnt=\count88
\U@D=\dimen103
 (/usr/share/texmf-dist/tex/generic/babel/txtbabel.def)
\bbl@dirlevel=\count89
)
\es@quottoks=\toks16
\es@quotdepth=\count90
Package babel Info: Making " an active character on input line 561.
Package babel Info: Making . an active character on input line 662.
Package babel Info: Making < an active character on input line 707.
Package babel Info: Making > an active character on input line 707.
)) (/usr/share/texmf-dist/tex/latex/amsmath/amsmath.sty
Package: amsmath 2019/04/01 v2.17c AMS math features
\@mathmargin=\skip43

For additional information on amsmath, use the `?' option.
(/usr/share/texmf-dist/tex/latex/amsmath/amstext.sty
Package: amstext 2000/06/29 v2.01 AMS text
 (/usr/share/texmf-dist/tex/latex/amsmath/amsgen.sty
File: amsgen.sty 1999/11/30 v2.0 generic functions
\@emptytoks=\toks17
\ex@=\dimen104
)) (/usr/share/texmf-dist/tex/latex/amsmath/amsbsy.sty
Package: amsbsy 1999/11/29 v1.2d Bold Symbols
\pmbraise@=\dimen105
) (/usr/share/texmf-dist/tex/latex/amsmath/amsopn.sty
Package: amsopn 2016/03/08 v2.02 operator names
)
\inf@bad=\count91
LaTeX Info: Redefining \frac on input line 227.
\uproot@=\count92
\leftroot@=\count93
LaTeX Info: Redefining \overline on input line 389.
\classnum@=\count94
\DOTSCASE@=\count95
LaTeX Info: Redefining \ldots on input line 486.
LaTeX Info: Redefining \dots on input line 489.
LaTeX Info: Redefining \cdots on input line 610.
\Mathstrutbox@=\box27
\strutbox@=\box28
\big@size=\dimen106
LaTeX Font Info:    Redeclaring font encoding OML on input line 733.
LaTeX Font Info:    Redeclaring font encoding OMS on input line 734.
\macc@depth=\count96
\c@MaxMatrixCols=\count97
\dotsspace@=\muskip10
\c@parentequation=\count98
\dspbrk@lvl=\count99
\tag@help=\toks18
\row@=\count100
\column@=\count101
\maxfields@=\count102
\andhelp@=\toks19
\eqnshift@=\dimen107
\alignsep@=\dimen108
\tagshift@=\dimen109
\tagwidth@=\dimen110
\totwidth@=\dimen111
\lineht@=\dimen112
\@envbody=\toks20
\multlinegap=\skip44
\multlinetaggap=\skip45
\mathdisplay@stack=\toks21
LaTeX Info: Redefining \[ on input line 2855.
LaTeX Info: Redefining \] on input line 2856.
) (/usr/share/texmf-dist/tex/latex/amsfonts/amssymb.sty
Package: amssymb 2013/01/14 v3.01 AMS font symbols
 (/usr/share/texmf-dist/tex/latex/amsfonts/amsfonts.sty
Package: amsfonts 2013/01/14 v3.01 Basic AMSFonts support
\symAMSa=\mathgroup4
\symAMSb=\mathgroup5
LaTeX Font Info:    Redeclaring math symbol \hbar on input line 98.
LaTeX Font Info:    Overwriting math alphabet `\mathfrak' in version `bold'
(Font)                  U/euf/m/n --> U/euf/b/n on input line 106.
)) (/usr/share/texmf-dist/tex/latex/graphics/graphicx.sty
Package: graphicx 2017/06/01 v1.1a Enhanced LaTeX Graphics (DPC,SPQR)
 (/usr/share/texmf-dist/tex/latex/graphics/keyval.sty
Package: keyval 2014/10/28 v1.15 key=value parser (DPC)
\KV@toks@=\toks22
) (/usr/share/texmf-dist/tex/latex/graphics/graphics.sty
Package: graphics 2019/10/08 v1.3c Standard LaTeX Graphics (DPC,SPQR)
 (/usr/share/texmf-dist/tex/latex/graphics/trig.sty
Package: trig 2016/01/03 v1.10 sin cos tan (DPC)
) (/usr/share/texmf-dist/tex/latex/graphics-cfg/graphics.cfg
File: graphics.cfg 2016/06/04 v1.11 sample graphics configuration
)
Package graphics Info: Driver file: pdftex.def on input line 105.
 (/usr/share/texmf-dist/tex/latex/graphics-def/pdftex.def
File: pdftex.def 2018/01/08 v1.0l Graphics/color driver for pdftex
))
\Gin@req@height=\dimen113
\Gin@req@width=\dimen114
) (/home/blanca/repositorios/Inteligencia-Artificial-teoria/teoria.aux
LaTeX Info: Redefining \. on input line 7.
LaTeX Info: Redefining \% on input line 7.
)
\openout1 = `teoria.aux'.

LaTeX Font Info:    Checking defaults for OML/cmm/m/it on input line 12.
LaTeX Font Info:    ... okay on input line 12.
LaTeX Font Info:    Checking defaults for T1/cmr/m/n on input line 12.
LaTeX Font Info:    ... okay on input line 12.
LaTeX Font Info:    Checking defaults for OT1/cmr/m/n on input line 12.
LaTeX Font Info:    ... okay on input line 12.
LaTeX Font Info:    Checking defaults for OMS/cmsy/m/n on input line 12.
LaTeX Font Info:    ... okay on input line 12.
LaTeX Font Info:    Checking defaults for OMX/cmex/m/n on input line 12.
LaTeX Font Info:    ... okay on input line 12.
LaTeX Font Info:    Checking defaults for U/cmr/m/n on input line 12.
LaTeX Font Info:    ... okay on input line 12.
LaTeX Info: Redefining \. on input line 12.
LaTeX Info: Redefining \% on input line 12.
 (/usr/share/texmf-dist/tex/context/base/mkii/supp-pdf.mkii
[Loading MPS to PDF converter (version 2006.09.02).]
\scratchcounter=\count103
\scratchdimen=\dimen115
\scratchbox=\box29
\nofMPsegments=\count104
\nofMParguments=\count105
\everyMPshowfont=\toks23
\MPscratchCnt=\count106
\MPscratchDim=\dimen116
\MPnumerator=\count107
\makeMPintoPDFobject=\count108
\everyMPtoPDFconversion=\toks24
) (/usr/share/texmf-dist/tex/latex/oberdiek/epstopdf-base.sty
Package: epstopdf-base 2016/05/15 v2.6 Base part for package epstopdf
 (/usr/share/texmf-dist/tex/generic/oberdiek/infwarerr.sty
Package: infwarerr 2016/05/16 v1.4 Providing info/warning/error messages (HO)
) (/usr/share/texmf-dist/tex/latex/oberdiek/grfext.sty
Package: grfext 2016/05/16 v1.2 Manage graphics extensions (HO)
 (/usr/share/texmf-dist/tex/generic/oberdiek/kvdefinekeys.sty
Package: kvdefinekeys 2016/05/16 v1.4 Define keys (HO)
 (/usr/share/texmf-dist/tex/generic/oberdiek/ltxcmds.sty
Package: ltxcmds 2016/05/16 v1.23 LaTeX kernel commands for general use (HO)
))) (/usr/share/texmf-dist/tex/latex/oberdiek/kvoptions.sty
Package: kvoptions 2016/05/16 v3.12 Key value format for package options (HO)
 (/usr/share/texmf-dist/tex/generic/oberdiek/kvsetkeys.sty
Package: kvsetkeys 2016/05/16 v1.17 Key value parser (HO)
 (/usr/share/texmf-dist/tex/generic/oberdiek/etexcmds.sty
Package: etexcmds 2016/05/16 v1.6 Avoid name clashes with e-TeX commands (HO)
 (/usr/share/texmf-dist/tex/generic/oberdiek/ifluatex.sty
Package: ifluatex 2016/05/16 v1.4 Provides the ifluatex switch (HO)
Package ifluatex Info: LuaTeX not detected.
)))) (/usr/share/texmf-dist/tex/generic/oberdiek/pdftexcmds.sty
Package: pdftexcmds 2019/07/25 v0.30 Utility functions of pdfTeX for LuaTeX (HO)
 (/usr/share/texmf-dist/tex/generic/oberdiek/ifpdf.sty
Package: ifpdf 2018/09/07 v3.3 Provides the ifpdf switch
)
Package pdftexcmds Info: LuaTeX not detected.
Package pdftexcmds Info: \pdf@primitive is available.
Package pdftexcmds Info: \pdf@ifprimitive is available.
Package pdftexcmds Info: \pdfdraftmode found.
)
Package epstopdf-base Info: Redefining graphics rule for `.eps' on input line 438.
Package grfext Info: Graphics extension search list:
(grfext)             [.pdf,.png,.jpg,.mps,.jpeg,.jbig2,.jb2,.PDF,.PNG,.JPG,.JPEG,.JBIG2,.JB2,.eps]
(grfext)             \AppendGraphicsExtensions on input line 456.
 (/usr/share/texmf-dist/tex/latex/latexconfig/epstopdf-sys.cfg
File: epstopdf-sys.cfg 2010/07/13 v1.3 Configuration of (r)epstopdf for TeX Live
))
LaTeX Font Info:    Trying to load font information for U+msa on input line 14.
 (/usr/share/texmf-dist/tex/latex/amsfonts/umsa.fd
File: umsa.fd 2013/01/14 v3.01 AMS symbols A
)
LaTeX Font Info:    Trying to load font information for U+msb on input line 14.
 (/usr/share/texmf-dist/tex/latex/amsfonts/umsb.fd
File: umsb.fd 2013/01/14 v3.01 AMS symbols B
) (/home/blanca/repositorios/Inteligencia-Artificial-teoria/teoria.toc
LaTeX Info: Redefining \. on input line 1.
LaTeX Info: Redefining \% on input line 1.
 [1

{/var/lib/texmf/fonts/map/pdftex/updmap/pdftex.map}])
\tf@toc=\write3
\openout3 = `teoria.toc'.

 [2] [1] [2] [3] [4] [5] [6] [7] [8] [9] [10] [11] [12] [13]
Overfull \hbox (15.18379pt too wide) in paragraph at lines 435--435
[]\OT1/cmr/bx/n/17.28 Elementos esen-cia-les de un al-go-rit-mo gen^^Seti-
 []

[14] [15] [16] [17] [18]
Overfull \hbox (198.53418pt too wide) in paragraph at lines 592--595
[]\OT1/cmr/m/n/12 C^^Sodi-go en has-kell (En mi re-po-si-to-rio pue-de en-con-trar-lo https://github.com/BlancaCC/haskell/tree/master/trees
 []


Overfull \hbox (85.47523pt too wide) in paragraph at lines 604--604
[]  \OT1/cmtt/m/n/12 -- vm es un la funci^^Son valor minimax que es del tipo vm :: Ord(b) => a -> b[] 
 []


Overfull \hbox (388.05038pt too wide) in paragraph at lines 604--604
[]  \OT1/cmtt/m/n/12 action n nsucc f = [ ns ] <> action ns maximun $ map (-) -- de esta manera si f es maximun  ahora es minimum  y al contrario[] 
 []


Overfull \hbox (36.07521pt too wide) in paragraph at lines 604--604
[]    \OT1/cmtt/m/n/12 where  ns = head [ns | ns <- nsucc, (vm ns) == f $ map vm nsucc ][] 
 []

[19]
Overfull \hbox (11.3752pt too wide) in paragraph at lines 632--632
[]  \OT1/cmtt/m/n/12 MINIMAX-VALUE(ra^^S^^Pz) = max(min(3,12,8), min(2,x,y), min(14,5,2))[] 
 []

[20] [21] [22] [23] [24] [25] [26] [27] [28] [29]
Overfull \hbox (202.3244pt too wide) in paragraph at lines 875--878
\OT1/cmr/m/n/12 del re-co-no-ci-mien-to so-bre ajus-ta-do de im^^Sagnes es es-te https://www.nytimes.com/es/2017/08/17/espanol/inteligencia-
 []

[30] [31] [32] (/home/blanca/repositorios/Inteligencia-Artificial-teoria/teoria.aux
LaTeX Info: Redefining \. on input line 7.
LaTeX Info: Redefining \% on input line 7.
) ) 
Here is how much of TeX's memory you used:
 3616 strings out of 492167
 46915 string characters out of 6131558
 125662 words of memory out of 5000000
 7928 multiletter control sequences out of 15000+600000
 12919 words of font info for 50 fonts, out of 8000000 for 9000
 1141 hyphenation exceptions out of 8191
 46i,6n,35p,343b,423s stack positions out of 5000i,500n,10000p,200000b,80000s
</usr/share/texmf-dist/fonts/type1/public/amsfonts/cm/cmbx12.pfb></usr/share/texmf-dist/fonts/type1/public/amsfonts/cm/cmmi12.pfb></usr/share/texmf-dist/fonts/type1/public/amsfonts/cm/cmmi8.pfb></usr/share/texmf-dist/fonts/type1/public/amsfonts/cm/cmr12.pfb></usr/share/texmf-dist/fonts/type1/public/amsfonts/cm/cmr17.pfb></usr/share/texmf-dist/fonts/type1/public/amsfonts/cm/cmr8.pfb></usr/share/texmf-dist/fonts/type1/public/amsfonts/cm/cmsy10.pfb></usr/share/texmf-dist/fonts/type1/public/amsfonts/cm/cmsy8.pfb></usr/share/texmf-dist/fonts/type1/public/amsfonts/cm/cmti12.pfb></usr/share/texmf-dist/fonts/type1/public/amsfonts/cm/cmtt12.pfb>
Output written on /home/blanca/repositorios/Inteligencia-Artificial-teoria/teoria.pdf (34 pages, 170541 bytes).
PDF statistics:
 154 PDF objects out of 1000 (max. 8388607)
 106 compressed objects within 2 object streams
 0 named destinations out of 1000 (max. 500000)
 1 words of extra memory for PDF output out of 10000 (max. 10000000)

